<?xml version="1.0" encoding="UTF-8"?>
<!-- Generated by org.testng.reporters.JUnitXMLReporter -->
<testsuite ignored="0" hostname="Saravanans-MacBook-Air.local" failures="0" tests="2" name="Default test" time="18.333" errors="0" timestamp="17 Apr 2026 05:46:44 GMT">
  <testcase classname="cucumber.api.testng.AbstractTestNGCucumberTests" name="runScenario" time="12.92"/>
  <testcase classname="cucumber.api.testng.AbstractTestNGCucumberTests" name="runScenario" time="5.351"/>
</testsuite> <!-- Default test -->
