<?xml version="1.0" encoding="UTF-8"?>
<!-- Generated by org.testng.reporters.JUnitXMLReporter -->
<testsuite ignored="0" hostname="Saravanans-MacBook-Air.local" failures="0" tests="2" name="Default test" time="31.821" errors="0" timestamp="12 Jan 2026 14:31:10 GMT">
  <testcase classname="cucumber.api.testng.AbstractTestNGCucumberTests" name="runScenario" time="13.742"/>
  <testcase classname="cucumber.api.testng.AbstractTestNGCucumberTests" name="runScenario" time="18.02"/>
</testsuite> <!-- Default test -->
