<?xml version="1.0" encoding="UTF-8"?>
<testng-results ignored="0" total="2" passed="2" failed="0" skipped="0">
  <reporter-output>
  </reporter-output>
  <suite started-at="2026-04-17T05:46:26Z" name="Default suite" finished-at="2026-04-17T05:46:44Z" duration-ms="18333">
    <groups>
      <group name="cucumber">
        <method signature="AbstractTestNGCucumberTests.runScenario(cucumber.api.testng.PickleEventWrapper, cucumber.api.testng.CucumberFeatureWrapper)[pri:0, instance:testRunner.Runner@533bda92]" name="runScenario" class="cucumber.api.testng.AbstractTestNGCucumberTests"/>
      </group> <!-- cucumber -->
    </groups>
    <test started-at="2026-04-17T05:46:26Z" name="Default test" finished-at="2026-04-17T05:46:44Z" duration-ms="18333">
      <class name="testRunner.Runner">
        <test-method is-config="true" signature="setUpClass()[pri:0, instance:testRunner.Runner@533bda92]" started-at="2026-04-17T05:46:26Z" name="setUpClass" finished-at="2026-04-17T05:46:26Z" duration-ms="31" status="PASS">
          <reporter-output>
          </reporter-output>
        </test-method> <!-- setUpClass -->
        <test-method signature="runScenario(cucumber.api.testng.PickleEventWrapper, cucumber.api.testng.CucumberFeatureWrapper)[pri:0, instance:testRunner.Runner@533bda92]" started-at="2026-04-17T05:46:26Z" name="runScenario" description="Runs Cucumber Scenarios" data-provider="scenarios" finished-at="2026-04-17T05:46:38Z" duration-ms="12920" status="PASS">
          <params>
            <param index="0">
              <value>
                <![CDATA["Login should be success"]]>
              </value>
            </param>
            <param index="1">
              <value>
                <![CDATA["BookCart application demo"]]>
              </value>
            </param>
          </params>
          <reporter-output>
          </reporter-output>
        </test-method> <!-- runScenario -->
        <test-method signature="runScenario(cucumber.api.testng.PickleEventWrapper, cucumber.api.testng.CucumberFeatureWrapper)[pri:0, instance:testRunner.Runner@533bda92]" started-at="2026-04-17T05:46:38Z" name="runScenario" description="Runs Cucumber Scenarios" data-provider="scenarios" finished-at="2026-04-17T05:46:44Z" duration-ms="5351" status="PASS">
          <params>
            <param index="0">
              <value>
                <![CDATA["Login should be fail"]]>
              </value>
            </param>
            <param index="1">
              <value>
                <![CDATA["BookCart application demo"]]>
              </value>
            </param>
          </params>
          <reporter-output>
          </reporter-output>
        </test-method> <!-- runScenario -->
        <test-method is-config="true" signature="tearDownClass()[pri:0, instance:testRunner.Runner@533bda92]" started-at="2026-04-17T05:46:44Z" name="tearDownClass" finished-at="2026-04-17T05:46:44Z" duration-ms="22" status="PASS">
          <reporter-output>
          </reporter-output>
        </test-method> <!-- tearDownClass -->
      </class> <!-- testRunner.Runner -->
    </test> <!-- Default test -->
  </suite> <!-- Default suite -->
</testng-results>
